<?xml version="1.0" encoding="UTF-8" ?>
<testsuite tests="4" failures="0" name="geoLocationUtilityPackage.GeoLocationUtilityTest" time="2.933" errors="0" skipped="0">
  <properties>
[...]
</properties>
  <testcase classname="geoLocationUtilityPackage.GeoLocationUtilityTest" name="testGetGeoDataByCity" time="1.973"/>
  <testcase classname="geoLocationUtilityPackage.GeoLocationUtilityTest" name="testInvalidCityOrZip" time="0.543"/>
  <testcase classname="geoLocationUtilityPackage.GeoLocationUtilityTest" name="testGetGeoDataByZip" time="0.191"/>
  <testcase classname="geoLocationUtilityPackage.GeoLocationUtilityTest" name="testMultipleValidInputs" time="0.226"/>
</testsuite>